{"timestamp": "2025-07-24T09:44:43.223817", "level": "INFO", "logger": "trading.order_manager", "message": "OrderManager initialized", "module": "order_manager", "function": "__init__", "line": 72, "taskName": "Task-1"}
{"timestamp": "2025-07-24T09:44:43.224004", "level": "INFO", "logger": "trading.risk_manager", "message": "RiskManager initialized", "module": "risk_manager", "function": "__init__", "line": 78, "taskName": "Task-1"}
{"timestamp": "2025-07-24T09:44:43.224136", "level": "INFO", "logger": "trading.engine", "message": "TradingEngine initialized with max 1 concurrent trades", "module": "engine", "function": "__init__", "line": 57, "taskName": "Task-1"}
{"timestamp": "2025-07-24T09:44:43.241719", "level": "INFO", "logger": "trading.order_manager", "message": "Loaded 0 active orders from database", "module": "order_manager", "function": "_load_active_orders", "line": 762, "taskName": "Task-1"}
{"timestamp": "2025-07-24T09:44:43.241964", "level": "INFO", "logger": "trading.order_manager", "message": "OrderManager started successfully", "module": "order_manager", "function": "start", "line": 83, "taskName": "Task-1"}
{"timestamp": "2025-07-24T09:44:43.244036", "level": "INFO", "logger": "trading.risk_manager", "message": "Loaded trailing stops for 0 open trades", "module": "risk_manager", "function": "_load_trailing_stops", "line": 654, "taskName": "Task-1"}
{"timestamp": "2025-07-24T09:44:43.247210", "level": "INFO", "logger": "trading.risk_manager", "message": "RiskManager started successfully", "module": "risk_manager", "function": "start", "line": 90, "taskName": "Task-1"}
{"timestamp": "2025-07-24T09:44:49.426204", "level": "INFO", "logger": "trading.engine", "message": "Loaded 0 open trades from database", "module": "engine", "function": "_load_open_trades", "line": 434, "taskName": "Task-1"}
{"timestamp": "2025-07-24T09:44:49.426410", "level": "INFO", "logger": "trading.engine", "message": "TradingEngine started successfully", "module": "engine", "function": "start", "line": 66, "taskName": "Task-1"}
{"timestamp": "2025-07-24T09:44:49.427132", "level": "INFO", "logger": "trading.order_manager", "message": "Starting order monitoring", "module": "order_manager", "function": "_monitor_orders", "line": 578, "taskName": "Task-2"}
{"timestamp": "2025-07-24T09:44:49.427311", "level": "INFO", "logger": "trading.risk_manager", "message": "Starting risk monitoring", "module": "risk_manager", "function": "_monitor_risk", "line": 400, "taskName": "Task-3"}
{"timestamp": "2025-07-24T09:45:09.436560", "level": "INFO", "logger": "trading.risk_manager", "message": "\ud83d\udcca Risk Status - Active: 0, Daily P&L: 0.00%, Risk Score: 0.30, Win Rate: 0.0%", "module": "risk_manager", "function": "_log_risk_status", "line": 633, "taskName": "Task-3"}
{"timestamp": "2025-07-24T09:45:19.325707", "level": "INFO", "logger": "trading.risk_manager", "message": "\ud83d\udcca Risk Status - Active: 0, Daily P&L: 0.00%, Risk Score: 0.30, Win Rate: 0.0%", "module": "risk_manager", "function": "_log_risk_status", "line": 633, "taskName": "Task-3"}
{"timestamp": "2025-07-24T09:45:29.329704", "level": "INFO", "logger": "trading.risk_manager", "message": "\ud83d\udcca Risk Status - Active: 0, Daily P&L: 0.00%, Risk Score: 0.30, Win Rate: 0.0%", "module": "risk_manager", "function": "_log_risk_status", "line": 633, "taskName": "Task-3"}
{"timestamp": "2025-07-24T09:45:39.333999", "level": "INFO", "logger": "trading.risk_manager", "message": "\ud83d\udcca Risk Status - Active: 0, Daily P&L: 0.00%, Risk Score: 0.30, Win Rate: 0.0%", "module": "risk_manager", "function": "_log_risk_status", "line": 633, "taskName": "Task-3"}
{"timestamp": "2025-07-24T09:45:49.224905", "level": "INFO", "logger": "trading.risk_manager", "message": "\ud83d\udcca Risk Status - Active: 0, Daily P&L: 0.00%, Risk Score: 0.30, Win Rate: 0.0%", "module": "risk_manager", "function": "_log_risk_status", "line": 633, "taskName": "Task-3"}
{"timestamp": "2025-07-24T09:45:51.047861", "level": "INFO", "logger": "trading.order_manager", "message": "OrderManager initialized", "module": "order_manager", "function": "__init__", "line": 72, "taskName": "Task-1"}
{"timestamp": "2025-07-24T09:45:51.048078", "level": "INFO", "logger": "trading.risk_manager", "message": "RiskManager initialized", "module": "risk_manager", "function": "__init__", "line": 78, "taskName": "Task-1"}
{"timestamp": "2025-07-24T09:45:51.048247", "level": "INFO", "logger": "trading.engine", "message": "TradingEngine initialized with max 1 concurrent trades", "module": "engine", "function": "__init__", "line": 57, "taskName": "Task-1"}
{"timestamp": "2025-07-24T09:45:51.063453", "level": "INFO", "logger": "trading.order_manager", "message": "Loaded 0 active orders from database", "module": "order_manager", "function": "_load_active_orders", "line": 762, "taskName": "Task-1"}
{"timestamp": "2025-07-24T09:45:51.063714", "level": "INFO", "logger": "trading.order_manager", "message": "OrderManager started successfully", "module": "order_manager", "function": "start", "line": 83, "taskName": "Task-1"}
{"timestamp": "2025-07-24T09:45:51.065659", "level": "INFO", "logger": "trading.risk_manager", "message": "Loaded trailing stops for 0 open trades", "module": "risk_manager", "function": "_load_trailing_stops", "line": 654, "taskName": "Task-1"}
{"timestamp": "2025-07-24T09:45:51.068440", "level": "INFO", "logger": "trading.risk_manager", "message": "RiskManager started successfully", "module": "risk_manager", "function": "start", "line": 90, "taskName": "Task-1"}
{"timestamp": "2025-07-24T09:45:55.648432", "level": "INFO", "logger": "trading.engine", "message": "Loaded 0 open trades from database", "module": "engine", "function": "_load_open_trades", "line": 434, "taskName": "Task-1"}
{"timestamp": "2025-07-24T09:45:55.648628", "level": "INFO", "logger": "trading.engine", "message": "TradingEngine started successfully", "module": "engine", "function": "start", "line": 66, "taskName": "Task-1"}
{"timestamp": "2025-07-24T09:45:55.649165", "level": "INFO", "logger": "trading.order_manager", "message": "Starting order monitoring", "module": "order_manager", "function": "_monitor_orders", "line": 578, "taskName": "Task-2"}
{"timestamp": "2025-07-24T09:45:55.649335", "level": "INFO", "logger": "trading.risk_manager", "message": "Starting risk monitoring", "module": "risk_manager", "function": "_monitor_risk", "line": 400, "taskName": "Task-3"}
{"timestamp": "2025-07-24T09:45:55.650658", "level": "INFO", "logger": "trading.risk_manager", "message": "\ud83d\udcca Risk Status - Active: 0, Daily P&L: 0.00%, Risk Score: 0.30, Win Rate: 0.0%", "module": "risk_manager", "function": "_log_risk_status", "line": 633, "taskName": "Task-3"}
{"timestamp": "2025-07-24T09:45:59.230491", "level": "INFO", "logger": "trading.risk_manager", "message": "\ud83d\udcca Risk Status - Active: 0, Daily P&L: 0.00%, Risk Score: 0.30, Win Rate: 0.0%", "module": "risk_manager", "function": "_log_risk_status", "line": 633, "taskName": "Task-3"}
{"timestamp": "2025-07-24T09:46:17.486590", "level": "INFO", "logger": "trading.order_manager", "message": "Order monitoring stopped", "module": "order_manager", "function": "_monitor_orders", "line": 603, "taskName": "Task-2"}
{"timestamp": "2025-07-24T09:46:17.486775", "level": "INFO", "logger": "trading.order_manager", "message": "OrderManager stopped", "module": "order_manager", "function": "stop", "line": 100, "taskName": "Task-6"}
{"timestamp": "2025-07-24T09:46:17.487099", "level": "INFO", "logger": "trading.risk_manager", "message": "Risk monitoring stopped", "module": "risk_manager", "function": "_monitor_risk", "line": 425, "taskName": "Task-3"}
{"timestamp": "2025-07-24T09:46:17.487295", "level": "INFO", "logger": "trading.risk_manager", "message": "RiskManager stopped", "module": "risk_manager", "function": "stop", "line": 107, "taskName": "Task-6"}
{"timestamp": "2025-07-24T09:46:17.487621", "level": "INFO", "logger": "trading.engine", "message": "TradingEngine stopped", "module": "engine", "function": "stop", "line": 74, "taskName": "Task-6"}
{"timestamp": "2025-07-24T09:46:24.793395", "level": "INFO", "logger": "trading.order_manager", "message": "OrderManager initialized", "module": "order_manager", "function": "__init__", "line": 72, "taskName": "Task-1"}
{"timestamp": "2025-07-24T09:46:24.793649", "level": "INFO", "logger": "trading.risk_manager", "message": "RiskManager initialized", "module": "risk_manager", "function": "__init__", "line": 78, "taskName": "Task-1"}
{"timestamp": "2025-07-24T09:46:24.793843", "level": "INFO", "logger": "trading.engine", "message": "TradingEngine initialized with max 1 concurrent trades", "module": "engine", "function": "__init__", "line": 57, "taskName": "Task-1"}
{"timestamp": "2025-07-24T09:46:24.808802", "level": "INFO", "logger": "trading.order_manager", "message": "Loaded 0 active orders from database", "module": "order_manager", "function": "_load_active_orders", "line": 762, "taskName": "Task-1"}
{"timestamp": "2025-07-24T09:46:24.809076", "level": "INFO", "logger": "trading.order_manager", "message": "OrderManager started successfully", "module": "order_manager", "function": "start", "line": 83, "taskName": "Task-1"}
{"timestamp": "2025-07-24T09:46:24.811329", "level": "INFO", "logger": "trading.risk_manager", "message": "Loaded trailing stops for 0 open trades", "module": "risk_manager", "function": "_load_trailing_stops", "line": 654, "taskName": "Task-1"}
{"timestamp": "2025-07-24T09:46:24.813913", "level": "INFO", "logger": "trading.risk_manager", "message": "RiskManager started successfully", "module": "risk_manager", "function": "start", "line": 90, "taskName": "Task-1"}
{"timestamp": "2025-07-24T09:46:31.438330", "level": "INFO", "logger": "trading.engine", "message": "Loaded 0 open trades from database", "module": "engine", "function": "_load_open_trades", "line": 434, "taskName": "Task-1"}
{"timestamp": "2025-07-24T09:46:31.438531", "level": "INFO", "logger": "trading.engine", "message": "TradingEngine started successfully", "module": "engine", "function": "start", "line": 66, "taskName": "Task-1"}
{"timestamp": "2025-07-24T09:46:31.439224", "level": "INFO", "logger": "trading.order_manager", "message": "Starting order monitoring", "module": "order_manager", "function": "_monitor_orders", "line": 578, "taskName": "Task-2"}
{"timestamp": "2025-07-24T09:46:31.439466", "level": "INFO", "logger": "trading.risk_manager", "message": "Starting risk monitoring", "module": "risk_manager", "function": "_monitor_risk", "line": 400, "taskName": "Task-3"}
{"timestamp": "2025-07-24T09:48:24.528208", "level": "INFO", "logger": "trading.order_manager", "message": "Order monitoring stopped", "module": "order_manager", "function": "_monitor_orders", "line": 603, "taskName": "Task-2"}
{"timestamp": "2025-07-24T09:48:24.528417", "level": "INFO", "logger": "trading.order_manager", "message": "OrderManager stopped", "module": "order_manager", "function": "stop", "line": 100, "taskName": "Task-6"}
{"timestamp": "2025-07-24T09:48:24.528638", "level": "INFO", "logger": "trading.risk_manager", "message": "Risk monitoring stopped", "module": "risk_manager", "function": "_monitor_risk", "line": 425, "taskName": "Task-3"}
{"timestamp": "2025-07-24T09:48:24.528781", "level": "INFO", "logger": "trading.risk_manager", "message": "RiskManager stopped", "module": "risk_manager", "function": "stop", "line": 107, "taskName": "Task-6"}
{"timestamp": "2025-07-24T09:48:24.529007", "level": "INFO", "logger": "trading.engine", "message": "TradingEngine stopped", "module": "engine", "function": "stop", "line": 74, "taskName": "Task-6"}
{"timestamp": "2025-07-24T09:48:34.395283", "level": "INFO", "logger": "trading.order_manager", "message": "OrderManager initialized", "module": "order_manager", "function": "__init__", "line": 72, "taskName": "Task-1"}
{"timestamp": "2025-07-24T09:48:34.395455", "level": "INFO", "logger": "trading.risk_manager", "message": "RiskManager initialized", "module": "risk_manager", "function": "__init__", "line": 78, "taskName": "Task-1"}
{"timestamp": "2025-07-24T09:48:34.395617", "level": "INFO", "logger": "trading.engine", "message": "TradingEngine initialized with max 1 concurrent trades", "module": "engine", "function": "__init__", "line": 57, "taskName": "Task-1"}
{"timestamp": "2025-07-24T09:48:34.409331", "level": "INFO", "logger": "trading.order_manager", "message": "Loaded 0 active orders from database", "module": "order_manager", "function": "_load_active_orders", "line": 762, "taskName": "Task-1"}
{"timestamp": "2025-07-24T09:48:34.409551", "level": "INFO", "logger": "trading.order_manager", "message": "OrderManager started successfully", "module": "order_manager", "function": "start", "line": 83, "taskName": "Task-1"}
{"timestamp": "2025-07-24T09:48:34.411363", "level": "INFO", "logger": "trading.risk_manager", "message": "Loaded trailing stops for 0 open trades", "module": "risk_manager", "function": "_load_trailing_stops", "line": 654, "taskName": "Task-1"}
{"timestamp": "2025-07-24T09:48:34.413752", "level": "INFO", "logger": "trading.risk_manager", "message": "RiskManager started successfully", "module": "risk_manager", "function": "start", "line": 90, "taskName": "Task-1"}
{"timestamp": "2025-07-24T09:48:38.917692", "level": "INFO", "logger": "trading.engine", "message": "Loaded 0 open trades from database", "module": "engine", "function": "_load_open_trades", "line": 434, "taskName": "Task-1"}
{"timestamp": "2025-07-24T09:48:38.917953", "level": "INFO", "logger": "trading.engine", "message": "TradingEngine started successfully", "module": "engine", "function": "start", "line": 66, "taskName": "Task-1"}
{"timestamp": "2025-07-24T09:48:38.918626", "level": "INFO", "logger": "trading.order_manager", "message": "Starting order monitoring", "module": "order_manager", "function": "_monitor_orders", "line": 578, "taskName": "Task-2"}
{"timestamp": "2025-07-24T09:48:38.918819", "level": "INFO", "logger": "trading.risk_manager", "message": "Starting risk monitoring", "module": "risk_manager", "function": "_monitor_risk", "line": 400, "taskName": "Task-3"}
{"timestamp": "2025-07-24T09:49:10.615952", "level": "INFO", "logger": "trading.order_manager", "message": "OrderManager initialized", "module": "order_manager", "function": "__init__", "line": 72, "taskName": "Task-1"}
{"timestamp": "2025-07-24T09:49:10.616139", "level": "INFO", "logger": "trading.risk_manager", "message": "RiskManager initialized", "module": "risk_manager", "function": "__init__", "line": 78, "taskName": "Task-1"}
{"timestamp": "2025-07-24T09:49:10.616283", "level": "INFO", "logger": "trading.engine", "message": "TradingEngine initialized with max 1 concurrent trades", "module": "engine", "function": "__init__", "line": 57, "taskName": "Task-1"}
{"timestamp": "2025-07-24T09:49:10.630868", "level": "INFO", "logger": "trading.order_manager", "message": "Loaded 0 active orders from database", "module": "order_manager", "function": "_load_active_orders", "line": 762, "taskName": "Task-1"}
{"timestamp": "2025-07-24T09:49:10.631111", "level": "INFO", "logger": "trading.order_manager", "message": "OrderManager started successfully", "module": "order_manager", "function": "start", "line": 83, "taskName": "Task-1"}
{"timestamp": "2025-07-24T09:49:10.633118", "level": "INFO", "logger": "trading.risk_manager", "message": "Loaded trailing stops for 0 open trades", "module": "risk_manager", "function": "_load_trailing_stops", "line": 654, "taskName": "Task-1"}
{"timestamp": "2025-07-24T09:49:10.635675", "level": "INFO", "logger": "trading.risk_manager", "message": "RiskManager started successfully", "module": "risk_manager", "function": "start", "line": 90, "taskName": "Task-1"}
{"timestamp": "2025-07-24T09:49:15.150585", "level": "INFO", "logger": "trading.engine", "message": "Loaded 0 open trades from database", "module": "engine", "function": "_load_open_trades", "line": 434, "taskName": "Task-1"}
{"timestamp": "2025-07-24T09:49:15.151019", "level": "INFO", "logger": "trading.engine", "message": "TradingEngine started successfully", "module": "engine", "function": "start", "line": 66, "taskName": "Task-1"}
{"timestamp": "2025-07-24T09:49:15.151782", "level": "INFO", "logger": "trading.order_manager", "message": "Starting order monitoring", "module": "order_manager", "function": "_monitor_orders", "line": 578, "taskName": "Task-2"}
{"timestamp": "2025-07-24T09:49:15.151986", "level": "INFO", "logger": "trading.risk_manager", "message": "Starting risk monitoring", "module": "risk_manager", "function": "_monitor_risk", "line": 400, "taskName": "Task-3"}
{"timestamp": "2025-07-24T09:50:05.061247", "level": "INFO", "logger": "trading.risk_manager", "message": "\ud83d\udcca Risk Status - Active: 0, Daily P&L: 0.00%, Risk Score: 0.30, Win Rate: 0.0%", "module": "risk_manager", "function": "_log_risk_status", "line": 633, "taskName": "Task-3"}
